2026-03-24 21:18:59,975 - INFO - Registering handlers...
2026-03-24 21:18:59,976 - INFO - Registering callbacks...
2026-03-24 21:18:59,976 - INFO - === BOT STARTED ===
2026-03-24 21:21:23,483 - INFO - Registering handlers...
2026-03-24 21:21:23,487 - INFO - Registering callbacks...
2026-03-24 21:21:23,487 - INFO - === BOT STARTED ===
2026-03-24 21:21:24,425 - ERROR - Threaded polling exception: A request to the Telegram API was unsuccessful. Error code: 409. Description: Conflict: terminated by other getUpdates request; make sure that only one bot instance is running
2026-03-24 21:35:39,939 - INFO - ✅ Commands set successfully
2026-03-24 21:35:39,947 - INFO - Registering handlers...
2026-03-24 21:35:39,948 - INFO - Registering callbacks...
2026-03-24 21:35:39,948 - INFO - === BOT STARTED ===
2026-03-24 21:35:46,048 - INFO - Bot stopped by user
2026-03-24 21:35:53,688 - INFO - ✅ Commands set successfully
2026-03-24 21:35:53,688 - INFO - Registering handlers...
2026-03-24 21:35:53,689 - INFO - Registering callbacks...
2026-03-24 21:35:53,689 - INFO - === BOT STARTED ===
2026-03-24 21:37:05,341 - root - INFO - Logger initialized
2026-03-24 21:37:05,345 - root - INFO - Bot initialized with token: 8721094126...
2026-03-24 21:37:05,358 - urllib3.connectionpool - DEBUG - Starting new HTTPS connection (1): api.telegram.org:443
2026-03-24 21:37:07,058 - urllib3.connectionpool - DEBUG - https://api.telegram.org:443 "POST /bot8721094126:AAELx2hYsGzB2SRmJMYbuk_USOdjhuh7e-g/setMyCommands?commands=%5B%7B%22command%22%3A+%22start%22%2C+%22description%22%3A+%22%5Cu0417%5Cu0430%5Cu043f%5Cu0443%5Cu0441%5Cu0442%5Cu0438%5Cu0442%5Cu044c+%5Cu0431%5Cu043e%5Cu0442%5Cu0430%22%7D%2C%7B%22command%22%3A+%22admin%22%2C+%22description%22%3A+%22%5Cu0410%5Cu0434%5Cu043c%5Cu0438%5Cu043d+%5Cu043f%5Cu0430%5Cu043d%5Cu0435%5Cu043b%5Cu044c%22%7D%5D HTTP/1.1" 200 25
2026-03-24 21:37:07,059 - root - INFO - ✅ Commands set successfully
2026-03-24 21:37:07,060 - root - INFO - Registering handlers...
2026-03-24 21:37:07,061 - root - INFO - ✅ Handlers registered
2026-03-24 21:37:07,061 - root - INFO - Registering callbacks...
2026-03-24 21:37:07,062 - root - INFO - ✅ Callbacks registered
2026-03-24 21:37:07,062 - root - INFO - === BOT STARTED ===
2026-03-24 21:37:07,303 - urllib3.connectionpool - DEBUG - https://api.telegram.org:443 "GET /bot8721094126:AAELx2hYsGzB2SRmJMYbuk_USOdjhuh7e-g/getMe HTTP/1.1" 200 326
2026-03-24 21:37:07,307 - urllib3.connectionpool - DEBUG - Starting new HTTPS connection (1): api.telegram.org:443
2026-03-24 21:37:29,092 - urllib3.connectionpool - DEBUG - https://api.telegram.org:443 "GET /bot8721094126:AAELx2hYsGzB2SRmJMYbuk_USOdjhuh7e-g/getUpdates?offset=1&timeout=20 HTTP/1.1" 200 23
2026-03-24 21:37:49,331 - urllib3.connectionpool - DEBUG - https://api.telegram.org:443 "GET /bot8721094126:AAELx2hYsGzB2SRmJMYbuk_USOdjhuh7e-g/getUpdates?offset=1&timeout=20 HTTP/1.1" 200 23
2026-03-24 21:40:42,786 - INFO - Clearing pending updates...
2026-03-24 21:41:17,576 - INFO - Bot initialized successfully
2026-03-24 21:41:20,242 - INFO - ✅ Commands set successfully
2026-03-24 21:41:20,243 - INFO - Registering handlers...
2026-03-24 21:41:20,243 - INFO - ✅ All handlers registered
2026-03-24 21:41:20,244 - INFO - Registering callbacks...
2026-03-24 21:41:20,244 - INFO - ✅ All callbacks registered
2026-03-24 21:41:20,244 - INFO - === BOT STARTED ===
2026-03-24 22:39:15,554 - ERROR - Bot error: HTTPSConnectionPool(host='api.telegram.org', port=443): Read timed out. (read timeout=30)
Traceback (most recent call last):
  File "/Library/Frameworks/Python.framework/Versions/3.12/lib/python3.12/site-packages/urllib3/connectionpool.py", line 534, in _make_request
    response = conn.getresponse()
               ^^^^^^^^^^^^^^^^^^
  File "/Library/Frameworks/Python.framework/Versions/3.12/lib/python3.12/site-packages/urllib3/connection.py", line 571, in getresponse
    httplib_response = super().getresponse()
                       ^^^^^^^^^^^^^^^^^^^^^
  File "/Library/Frameworks/Python.framework/Versions/3.12/lib/python3.12/http/client.py", line 1428, in getresponse
    response.begin()
  File "/Library/Frameworks/Python.framework/Versions/3.12/lib/python3.12/http/client.py", line 331, in begin
    version, status, reason = self._read_status()
                              ^^^^^^^^^^^^^^^^^^^
  File "/Library/Frameworks/Python.framework/Versions/3.12/lib/python3.12/http/client.py", line 292, in _read_status
    line = str(self.fp.readline(_MAXLINE + 1), "iso-8859-1")
               ^^^^^^^^^^^^^^^^^^^^^^^^^^^^^^
  File "/Library/Frameworks/Python.framework/Versions/3.12/lib/python3.12/socket.py", line 720, in readinto
    return self._sock.recv_into(b)
           ^^^^^^^^^^^^^^^^^^^^^^^
  File "/Library/Frameworks/Python.framework/Versions/3.12/lib/python3.12/ssl.py", line 1251, in recv_into
    return self.read(nbytes, buffer)
           ^^^^^^^^^^^^^^^^^^^^^^^^^
  File "/Library/Frameworks/Python.framework/Versions/3.12/lib/python3.12/ssl.py", line 1103, in read
    return self._sslobj.read(len, buffer)
           ^^^^^^^^^^^^^^^^^^^^^^^^^^^^^^
TimeoutError: The read operation timed out

The above exception was the direct cause of the following exception:

Traceback (most recent call last):
  File "/Library/Frameworks/Python.framework/Versions/3.12/lib/python3.12/site-packages/requests/adapters.py", line 644, in send
    resp = conn.urlopen(
           ^^^^^^^^^^^^^
  File "/Library/Frameworks/Python.framework/Versions/3.12/lib/python3.12/site-packages/urllib3/connectionpool.py", line 841, in urlopen
    retries = retries.increment(
              ^^^^^^^^^^^^^^^^^^
  File "/Library/Frameworks/Python.framework/Versions/3.12/lib/python3.12/site-packages/urllib3/util/retry.py", line 490, in increment
    raise reraise(type(error), error, _stacktrace)
          ^^^^^^^^^^^^^^^^^^^^^^^^^^^^^^^^^^^^^^^^
  File "/Library/Frameworks/Python.framework/Versions/3.12/lib/python3.12/site-packages/urllib3/util/util.py", line 39, in reraise
    raise value
  File "/Library/Frameworks/Python.framework/Versions/3.12/lib/python3.12/site-packages/urllib3/connectionpool.py", line 787, in urlopen
    response = self._make_request(
               ^^^^^^^^^^^^^^^^^^^
  File "/Library/Frameworks/Python.framework/Versions/3.12/lib/python3.12/site-packages/urllib3/connectionpool.py", line 536, in _make_request
    self._raise_timeout(err=e, url=url, timeout_value=read_timeout)
  File "/Library/Frameworks/Python.framework/Versions/3.12/lib/python3.12/site-packages/urllib3/connectionpool.py", line 367, in _raise_timeout
    raise ReadTimeoutError(
urllib3.exceptions.ReadTimeoutError: HTTPSConnectionPool(host='api.telegram.org', port=443): Read timed out. (read timeout=30)

During handling of the above exception, another exception occurred:

Traceback (most recent call last):
  File "/Users/Xaru/Desktop/bot.zakaz/bot.py", line 90, in <module>
    bot.polling(none_stop=True, skip_pending=False, timeout=30)
  File "/Library/Frameworks/Python.framework/Versions/3.12/lib/python3.12/site-packages/telebot/__init__.py", line 1043, in polling
    self.__threaded_polling(non_stop=non_stop, interval=interval, timeout=timeout, long_polling_timeout=long_polling_timeout,
  File "/Library/Frameworks/Python.framework/Versions/3.12/lib/python3.12/site-packages/telebot/__init__.py", line 1118, in __threaded_polling
    raise e
  File "/Library/Frameworks/Python.framework/Versions/3.12/lib/python3.12/site-packages/telebot/__init__.py", line 1073, in __threaded_polling
    polling_thread.raise_exceptions()
  File "/Library/Frameworks/Python.framework/Versions/3.12/lib/python3.12/site-packages/telebot/util.py", line 108, in raise_exceptions
    raise self.exception_info
  File "/Library/Frameworks/Python.framework/Versions/3.12/lib/python3.12/site-packages/telebot/util.py", line 90, in run
    task(*args, **kwargs)
  File "/Library/Frameworks/Python.framework/Versions/3.12/lib/python3.12/site-packages/telebot/__init__.py", line 649, in __retrieve_updates
    updates = self.get_updates(offset=(self.last_update_id + 1),
             ^^^^^^^^^^^^^^^^^^^^^^^^^^^^^^^^^^^^^^^^^^^^^^^^^^
  File "/Library/Frameworks/Python.framework/Versions/3.12/lib/python3.12/site-packages/telebot/__init__.py", line 623, in get_updates
    json_updates = apihelper.get_updates(self.token, offset, limit, timeout, allowed_updates, long_polling_timeout)
                   ^^^^^^^^^^^^^^^^^^^^^^^^^^^^^^^^^^^^^^^^^^^^^^^^^^^^^^^^^^^^^^^^^^^^^^^^^^^^^^^^^^^^^^^^^^^^^^^^
  File "/Library/Frameworks/Python.framework/Versions/3.12/lib/python3.12/site-packages/telebot/apihelper.py", line 321, in get_updates
    return _make_request(token, method_url, params=payload)
           ^^^^^^^^^^^^^^^^^^^^^^^^^^^^^^^^^^^^^^^^^^^^^^^^
  File "/Library/Frameworks/Python.framework/Versions/3.12/lib/python3.12/site-packages/telebot/apihelper.py", line 156, in _make_request
    result = _get_req_session().request(
             ^^^^^^^^^^^^^^^^^^^^^^^^^^^
  File "/Library/Frameworks/Python.framework/Versions/3.12/lib/python3.12/site-packages/requests/sessions.py", line 589, in request
    resp = self.send(prep, **send_kwargs)
           ^^^^^^^^^^^^^^^^^^^^^^^^^^^^^^
  File "/Library/Frameworks/Python.framework/Versions/3.12/lib/python3.12/site-packages/requests/sessions.py", line 703, in send
    r = adapter.send(request, **kwargs)
        ^^^^^^^^^^^^^^^^^^^^^^^^^^^^^^^
  File "/Library/Frameworks/Python.framework/Versions/3.12/lib/python3.12/site-packages/requests/adapters.py", line 690, in send
    raise ReadTimeout(e, request=request)
requests.exceptions.ReadTimeout: HTTPSConnectionPool(host='api.telegram.org', port=443): Read timed out. (read timeout=30)
2026-03-27 15:06:44,940 - INFO - Bot initialized successfully
2026-03-27 15:06:45,434 - INFO - ✅ Commands set successfully
2026-03-27 15:06:45,434 - INFO - Registering handlers...
2026-03-27 15:06:45,435 - INFO - ✅ All handlers registered
2026-03-27 15:06:45,435 - INFO - Registering callbacks...
2026-03-27 15:06:45,435 - INFO - ✅ All callbacks registered
2026-03-27 15:06:45,435 - INFO - === BOT STARTED ===
2026-03-27 15:06:49,856 - INFO - ✅ START command from user 8234178181
2026-03-27 15:11:03,495 - INFO - ✅ START command from user 8234178181
2026-03-27 15:13:22,552 - INFO - Bot initialized successfully
2026-03-27 15:13:23,026 - INFO - ✅ Commands set successfully
2026-03-27 15:13:23,027 - INFO - Registering handlers...
2026-03-27 15:13:23,027 - INFO - ✅ All handlers registered
2026-03-27 15:13:23,027 - INFO - Registering callbacks...
2026-03-27 15:13:23,028 - INFO - ✅ All callbacks registered
2026-03-27 15:13:23,028 - INFO - === BOT STARTED ===
2026-03-27 15:13:37,450 - INFO - ✅ START command from user 8234178181
2026-03-27 15:13:53,050 - INFO - ✅ START command from user 8234178181
2026-03-27 15:14:32,802 - INFO - Bot initialized successfully
2026-03-27 15:14:33,258 - INFO - ✅ Commands set successfully
2026-03-27 15:14:33,258 - INFO - Registering handlers...
2026-03-27 15:14:33,259 - INFO - ✅ All handlers registered
2026-03-27 15:14:33,259 - INFO - Registering callbacks...
2026-03-27 15:14:33,260 - INFO - ✅ All callbacks registered
2026-03-27 15:14:33,260 - INFO - === BOT STARTED ===
2026-03-27 15:15:04,916 - INFO - Bot initialized successfully
2026-03-27 15:15:06,883 - INFO - ✅ Commands set successfully
2026-03-27 15:15:06,884 - INFO - Registering handlers...
2026-03-27 15:15:06,884 - INFO - ✅ All handlers registered
2026-03-27 15:15:06,885 - INFO - Registering callbacks...
2026-03-27 15:15:06,885 - INFO - ✅ All callbacks registered
2026-03-27 15:15:06,885 - INFO - === BOT STARTED ===
2026-03-27 15:15:11,734 - INFO - Bot initialized successfully
2026-03-27 15:15:12,147 - INFO - ✅ Commands set successfully
2026-03-27 15:15:12,147 - INFO - Registering handlers...
2026-03-27 15:15:12,148 - INFO - ✅ All handlers registered
2026-03-27 15:15:12,148 - INFO - Registering callbacks...
2026-03-27 15:15:12,148 - INFO - ✅ All callbacks registered
2026-03-27 15:15:12,149 - INFO - === BOT STARTED ===
2026-03-27 15:16:48,092 - INFO - Bot initialized successfully
2026-03-27 15:16:48,581 - INFO - ✅ Commands set successfully
2026-03-27 15:16:48,581 - INFO - Registering handlers...
2026-03-27 15:16:48,581 - INFO - ✅ All handlers registered
2026-03-27 15:16:48,582 - INFO - Registering callbacks...
2026-03-27 15:16:48,582 - INFO - ✅ All callbacks registered
2026-03-27 15:16:48,582 - INFO - === BOT STARTED ===
2026-03-27 15:16:49,147 - INFO - ✅ START command from user 8234178181
2026-03-27 15:16:49,148 - INFO - ✅ START command from user 8234178181
2026-03-27 15:16:53,143 - INFO - ✅ START command from user 8234178181
2026-03-27 15:17:07,312 - INFO - ✅ START command from user 8234178181
2026-03-27 15:17:57,344 - INFO - ✅ START command from user 8234178181
2026-03-27 15:24:41,377 - INFO - Bot initialized successfully
2026-03-27 15:24:41,813 - INFO - ✅ Commands set successfully
2026-03-27 15:24:41,814 - INFO - Registering handlers...
2026-03-27 15:24:41,814 - INFO - ✅ All handlers registered
2026-03-27 15:24:41,815 - INFO - Registering callbacks...
2026-03-27 15:24:41,815 - INFO - ✅ All callbacks registered
2026-03-27 15:24:41,815 - INFO - === BOT STARTED ===
2026-03-27 15:24:47,429 - INFO - ✅ START command from user 8234178181
2026-03-27 15:27:56,887 - INFO - Bot initialized successfully
2026-03-27 15:28:02,340 - INFO - ✅ Commands set successfully
2026-03-27 15:28:02,341 - INFO - Registering handlers...
2026-03-27 15:28:02,341 - INFO - ✅ All handlers registered
2026-03-27 15:28:02,342 - INFO - Registering callbacks...
2026-03-27 15:28:02,342 - INFO - ✅ All callbacks registered
2026-03-27 15:28:02,342 - INFO - === BOT STARTED ===
2026-03-27 15:28:02,999 - INFO - ✅ START command from user 8234178181
2026-03-27 15:28:21,825 - INFO - ✅ START command from user 8234178181
2026-03-27 15:51:43,732 - INFO - Bot initialized successfully
2026-03-27 15:51:44,195 - INFO - ✅ Commands set successfully
2026-03-27 15:51:44,195 - INFO - Registering handlers...
2026-03-27 15:51:44,196 - INFO - ✅ All handlers registered
2026-03-27 15:51:44,196 - INFO - Registering callbacks...
2026-03-27 15:51:44,196 - INFO - ✅ All callbacks registered
2026-03-27 15:51:44,197 - INFO - === BOT STARTED ===
2026-03-27 15:51:50,397 - INFO - ✅ START command from user 8234178181
2026-03-27 15:52:51,561 - INFO - ✅ START command from user 8234178181
2026-03-27 16:12:31,790 - INFO - Bot initialized successfully
2026-03-27 16:12:36,890 - INFO - ✅ Commands set successfully
2026-03-27 16:12:36,891 - INFO - Registering handlers...
2026-03-27 16:12:36,892 - INFO - ✅ All handlers registered
2026-03-27 16:12:36,892 - INFO - Registering callbacks...
2026-03-27 16:12:36,892 - INFO - ✅ All callbacks registered
2026-03-27 16:12:36,893 - INFO - === BOT STARTED ===
2026-03-27 16:32:25,638 - INFO - Bot initialized successfully
2026-03-27 16:32:28,888 - INFO - ✅ Commands set successfully
2026-03-27 16:32:28,888 - INFO - Registering handlers...
2026-03-27 16:32:28,889 - INFO - ✅ All handlers registered
2026-03-27 16:32:28,889 - INFO - Registering callbacks...
2026-03-27 16:32:28,890 - INFO - ✅ All callbacks registered
2026-03-27 16:32:28,890 - INFO - === BOT STARTED ===
2026-03-27 16:32:44,143 - INFO - ✅ START command from user 8234178181
2026-03-27 16:35:25,648 - INFO - Bot initialized successfully
2026-03-27 16:35:26,109 - INFO - ✅ Commands set successfully
2026-03-27 16:35:26,110 - INFO - Registering handlers...
2026-03-27 16:35:26,111 - INFO - ✅ All handlers registered
2026-03-27 16:35:26,111 - INFO - Registering callbacks...
2026-03-27 16:35:26,111 - INFO - ✅ All callbacks registered
2026-03-27 16:35:26,112 - INFO - === BOT STARTED ===
2026-03-27 16:46:50,126 - INFO - Bot initialized successfully
2026-03-27 16:46:50,933 - INFO - ✅ Commands set successfully
2026-03-27 16:46:50,933 - INFO - Registering handlers...
2026-03-27 16:46:50,934 - INFO - ✅ All handlers registered
2026-03-27 16:46:50,934 - INFO - Registering callbacks...
2026-03-27 16:46:50,934 - INFO - ✅ All callbacks registered
2026-03-27 16:46:50,935 - INFO - === BOT STARTED ===
2026-03-27 16:46:58,358 - INFO - ✅ START command from user 8234178181
2026-03-27 16:47:33,974 - INFO - Bot initialized successfully
2026-03-27 16:47:34,425 - INFO - ✅ Commands set successfully
2026-03-27 16:47:34,426 - INFO - Registering handlers...
2026-03-27 16:47:34,426 - INFO - ✅ All handlers registered
2026-03-27 16:47:34,427 - INFO - Registering callbacks...
2026-03-27 16:47:34,427 - INFO - ✅ All callbacks registered
2026-03-27 16:47:34,428 - INFO - === BOT STARTED ===
2026-03-27 16:47:46,053 - INFO - ✅ START command from user 8234178181
2026-03-27 16:51:55,648 - INFO - Bot initialized successfully
2026-03-27 16:51:56,120 - INFO - ✅ Commands set successfully
2026-03-27 16:51:56,120 - INFO - Registering handlers...
2026-03-27 16:51:56,121 - INFO - ✅ All handlers registered
2026-03-27 16:51:56,121 - INFO - Registering callbacks...
2026-03-27 16:51:56,121 - INFO - ✅ All callbacks registered
2026-03-27 16:51:56,122 - INFO - === BOT STARTED ===
2026-03-27 16:52:04,309 - ERROR - Bot error: name 'db' is not defined
Traceback (most recent call last):
  File "/Users/Xaru/Desktop/bot.zakaz/bot.py", line 99, in <module>
    bot.polling(none_stop=True, skip_pending=False, timeout=30)
  File "/Library/Frameworks/Python.framework/Versions/3.12/lib/python3.12/site-packages/telebot/__init__.py", line 1198, in polling
    self.__threaded_polling(non_stop=non_stop, interval=interval, timeout=timeout, long_polling_timeout=long_polling_timeout,
  File "/Library/Frameworks/Python.framework/Versions/3.12/lib/python3.12/site-packages/telebot/__init__.py", line 1273, in __threaded_polling
    raise e
  File "/Library/Frameworks/Python.framework/Versions/3.12/lib/python3.12/site-packages/telebot/__init__.py", line 1235, in __threaded_polling
    self.worker_pool.raise_exceptions()
  File "/Library/Frameworks/Python.framework/Versions/3.12/lib/python3.12/site-packages/telebot/util.py", line 154, in raise_exceptions
    raise self.exception_info
  File "/Library/Frameworks/Python.framework/Versions/3.12/lib/python3.12/site-packages/telebot/util.py", line 97, in run
    task(*args, **kwargs)
  File "/Library/Frameworks/Python.framework/Versions/3.12/lib/python3.12/site-packages/telebot/__init__.py", line 10456, in _run_middlewares_and_handler
    result = handler['function'](message)
             ^^^^^^^^^^^^^^^^^^^^^^^^^^^^
  File "/Users/Xaru/Desktop/bot.zakaz/bot.py", line 55, in start
    db.create_user_if_not_exists(user_id, message.from_user.username)
    ^^
NameError: name 'db' is not defined
2026-03-27 16:53:27,817 - INFO - Bot initialized successfully
2026-03-27 16:53:28,370 - INFO - ✅ Commands set successfully
2026-03-27 16:53:28,370 - INFO - Registering handlers...
2026-03-27 16:53:28,371 - INFO - ✅ All handlers registered
2026-03-27 16:53:28,371 - INFO - Registering callbacks...
2026-03-27 16:53:28,372 - INFO - ✅ All callbacks registered
2026-03-27 16:53:28,372 - INFO - === BOT STARTED ===
2026-03-27 16:53:28,897 - INFO - DEBUG: Menu object: <telebot.types.ReplyKeyboardMarkup object at 0x1035b8e60>
2026-03-27 16:53:28,897 - INFO - DEBUG: Menu type: <class 'telebot.types.ReplyKeyboardMarkup'>
2026-03-27 16:53:29,330 - INFO - ✅ Message sent to 8234178181 with menu
2026-03-27 16:54:10,147 - INFO - User 8234178181 viewed subscribers menu
2026-03-27 16:54:12,789 - INFO - User 8234178181 viewed views menu
2026-03-27 16:54:14,956 - INFO - User 8234178181 viewed reactions menu
2026-03-27 16:54:15,827 - INFO - User 8234178181 viewed orders menu
2026-03-27 16:54:27,818 - ERROR - Error sending question to group: A request to the Telegram API was unsuccessful. Error code: 400. Description: Bad Request: chat not found
2026-03-27 16:54:32,931 - INFO - User 8234178181 viewed balance
2026-03-27 16:54:59,728 - INFO - User 8234178181 viewed subscribers menu
2026-03-27 17:20:59,556 - INFO - Bot initialized successfully
2026-03-27 17:20:59,996 - INFO - ✅ Commands set successfully
2026-03-27 17:20:59,997 - INFO - Registering handlers...
2026-03-27 17:20:59,997 - INFO - ✅ All handlers registered
2026-03-27 17:20:59,997 - INFO - Registering callbacks...
2026-03-27 17:20:59,998 - INFO - ✅ All callbacks registered
2026-03-27 17:20:59,998 - INFO - === BOT STARTED ===
2026-03-27 17:21:22,714 - ERROR - Error sending text question to group: A request to the Telegram API was unsuccessful. Error code: 400. Description: Bad Request: chat not found
2026-03-27 17:21:31,517 - INFO - User 8234178181 viewed orders menu
2026-03-27 17:21:54,580 - ERROR - Threaded polling exception: A request to the Telegram API was unsuccessful. Error code: 400. Description: Bad Request: inline keyboard expected
2026-03-27 17:21:54,581 - ERROR - Exception traceback:
Traceback (most recent call last):
  File "/Library/Frameworks/Python.framework/Versions/3.12/lib/python3.12/site-packages/telebot/__init__.py", line 1235, in __threaded_polling
    self.worker_pool.raise_exceptions()
  File "/Library/Frameworks/Python.framework/Versions/3.12/lib/python3.12/site-packages/telebot/util.py", line 154, in raise_exceptions
    raise self.exception_info
  File "/Library/Frameworks/Python.framework/Versions/3.12/lib/python3.12/site-packages/telebot/util.py", line 97, in run
    task(*args, **kwargs)
  File "/Library/Frameworks/Python.framework/Versions/3.12/lib/python3.12/site-packages/telebot/__init__.py", line 10456, in _run_middlewares_and_handler
    result = handler['function'](message)
             ^^^^^^^^^^^^^^^^^^^^^^^^^^^^
  File "/Users/Xaru/Desktop/bot.zakaz/handlers/user_handlers.py", line 359, in back_to_main_callback
    bot.edit_message_text("Главное меню:", call.message.chat.id, call.message.message_id,
  File "/Library/Frameworks/Python.framework/Versions/3.12/lib/python3.12/site-packages/telebot/__init__.py", line 5473, in edit_message_text
    result = apihelper.edit_message_text(
             ^^^^^^^^^^^^^^^^^^^^^^^^^^^^
  File "/Library/Frameworks/Python.framework/Versions/3.12/lib/python3.12/site-packages/telebot/apihelper.py", line 1678, in edit_message_text
    return _make_request(token, method_url, params=payload, method='post')
           ^^^^^^^^^^^^^^^^^^^^^^^^^^^^^^^^^^^^^^^^^^^^^^^^^^^^^^^^^^^^^^^
  File "/Library/Frameworks/Python.framework/Versions/3.12/lib/python3.12/site-packages/telebot/apihelper.py", line 168, in _make_request
    json_result = _check_result(method_name, result)
                  ^^^^^^^^^^^^^^^^^^^^^^^^^^^^^^^^^^
  File "/Library/Frameworks/Python.framework/Versions/3.12/lib/python3.12/site-packages/telebot/apihelper.py", line 197, in _check_result
    raise ApiTelegramException(method_name, result, result_json)
telebot.apihelper.ApiTelegramException: A request to the Telegram API was unsuccessful. Error code: 400. Description: Bad Request: inline keyboard expected

2026-03-27 17:22:34,558 - INFO - User 8234178181 viewed balance
